ERC report (2026-06-21T22:22:28, Encoding UTF8)
Report includes: Errors

***** Sheet /
[pin_to_pin]: Pins of type Power output and Power output are connected
    ; error
    @(4400 mils, 5950 mils): Symbol U4 Pin 1 [GND, Power output, Line]
    @(2300 mils, 4950 mils): Symbol U5 Pin 6 [GND, Power output, Line]
[pin_not_driven]: Input pin not driven by any Output pins
    ; error
    @(4400 mils, 6100 mils): Symbol U4 Pin 2 [MISO, Input, Line]
[pin_to_pin]: Pins of type Output and Output are connected
    ; error
    @(4400 mils, 6250 mils): Symbol U4 Pin 3 [MOSI, Output, Line]
    @(2300 mils, 4650 mils): Symbol U5 Pin 3 [MOSI, Output, Line]
[pin_to_pin]: Pins of type Output and Output are connected
    ; error
    @(4400 mils, 6400 mils): Symbol U4 Pin 4 [SCK, Output, Line]
    @(2300 mils, 4750 mils): Symbol U5 Pin 4 [CLK, Output, Line]
[pin_to_pin]: Pins of type Power output and Power output are connected
    ; error
    @(4950 mils, 1650 mils): Symbol U2 Pin 2 [GND, Power output, Line]
    @(2300 mils, 4950 mils): Symbol U5 Pin 6 [GND, Power output, Line]
[pin_to_pin]: Pins of type Output and Output are connected
    ; error
    @(4950 mils, 1850 mils): Symbol U2 Pin 3 [SCL, Output, Line]
    @(9500 mils, 2400 mils): Symbol U3 Pin 3 [SCL, Output, Line]
[pin_to_pin]: Pins of type Power output and Power output are connected
    ; error
    @(5400 mils, 2900 mils): Symbol U1 Pin 2 [GND, Power output, Line]
    @(4950 mils, 1650 mils): Symbol U2 Pin 2 [GND, Power output, Line]
[pin_not_driven]: Input pin not driven by any Output pins
    ; error
    @(5400 mils, 3400 mils): Symbol U1 Pin 7 [TX2, Input, Line]
[pin_not_driven]: Input pin not driven by any Output pins
    ; error
    @(5600 mils, 6250 mils): Symbol U4 Pin 11 [DIO0, Input, Line]
[pin_not_connected]: Pin not connected
    ; error
    @(6000 mils, 4650 mils): Symbol U1 Hidden pin 41 [GND, Passive, Line]
[pin_not_connected]: Pin not connected
    ; error
    @(6600 mils, 2800 mils): Symbol U1 Pin 16 [VIN, Power input, Line]
[power_pin_not_driven]: Input Power pin not driven by any Output Power pins
    ; error
    @(6600 mils, 2800 mils): Symbol U1 Pin 16 [VIN, Power input, Line]
[pin_not_connected]: Pin not connected
    ; error
    @(6600 mils, 2900 mils): Symbol U1 Pin 17 [GND, Power output, Line]
[pin_to_pin]: Pins of type Output and Power output are connected
    ; error
    @(7000 mils, 1900 mils): Symbol U8 Pin 2 [GND, Output, Line]
    @(5400 mils, 2900 mils): Symbol U1 Pin 2 [GND, Power output, Line]
[power_pin_not_driven]: Input Power pin not driven by any Output Power pins
    ; error
    @(8250 mils, 3500 mils): Symbol #PWR01 Pin 1 [Power input, Line]
[pin_not_driven]: Input pin not driven by any Output pins
    ; error
    @(8700 mils, 5500 mils): Symbol U6 Pin 2 [RX, Input, Line]
[pin_not_connected]: Pin not connected
    ; error
    @(8700 mils, 5800 mils): Symbol U6 Hidden pin SH4 [SHIELD, Passive, Line]
[pin_to_pin]: Pins of type Power output and Power output are connected
    ; error
    @(9500 mils, 2300 mils): Symbol U3 Pin 2 [GND, Power output, Line]
    @(4400 mils, 5950 mils): Symbol U4 Pin 1 [GND, Power output, Line]

 ** ERC messages: 18  Errors 18  Warnings 0

 ** Ignored checks:
    - Global label only appears once in the schematic
    - Four connection points are joined together
    - SPICE model issue
    - Assigned footprint doesn't match footprint filters
