** Drc report for sensores.kicad_pcb **
** Created on 2026-06-24T20:12:46 **
** Report includes: Errors, Warnings **

** Found 1 DRC violations **
[silk_overlap]: Silkscreen clearance
    Rule: board setup constraints silk; warning
    @(105.6500 mm, 109.0875 mm): Reference field of R23
    @(106.3500 mm, 109.0875 mm): Reference field of R22

** Found 33 unconnected pads **
[unconnected_items]: Missing connection between items
    Local override; error
    @(74.0000 mm, 96.1900 mm): PTH pad 1 [+3V3] of U3
    @(74.0000 mm, 101.2700 mm): PTH pad 3 [+3V3] of U3
[unconnected_items]: Missing connection between items
    Local override; error
    @(80.0000 mm, 88.3000 mm): PTH pad 1 [+3V3] of J41
    @(74.0000 mm, 96.1900 mm): PTH pad 1 [+3V3] of U3
[unconnected_items]: Missing connection between items
    Local override; error
    @(96.0000 mm, 75.0000 mm): PTH pad 1 [+3V3] of U20
    @(80.0000 mm, 88.3000 mm): PTH pad 1 [+3V3] of J41
[unconnected_items]: Missing connection between items
    Local override; error
    @(96.0000 mm, 75.0000 mm): PTH pad 1 [+3V3] of U20
    @(108.1750 mm, 93.0000 mm): Pad 2 [+3V3] of R21 on B.Cu
[unconnected_items]: Missing connection between items
    Local override; error
    @(108.1750 mm, 93.0000 mm): Pad 2 [+3V3] of R21 on B.Cu
    @(108.1750 mm, 97.0000 mm): Pad 2 [+3V3] of R20 on B.Cu
[unconnected_items]: Missing connection between items
    Local override; error
    @(120.0000 mm, 89.3000 mm): PTH pad 1 [+3V3] of U21
    @(108.1750 mm, 93.0000 mm): Pad 2 [+3V3] of R21 on B.Cu
[unconnected_items]: Missing connection between items
    Local override; error
    @(74.0000 mm, 98.7300 mm): PTH pad 2 [GND] of U3
    @(80.0000 mm, 101.0000 mm): PTH pad 11 [GND] of J41
[unconnected_items]: Missing connection between items
    Local override; error
    @(80.0000 mm, 101.0000 mm): PTH pad 11 [GND] of J41
    @(100.1000 mm, 101.0000 mm): Pad 2 [GND] of C20 on B.Cu
[unconnected_items]: Missing connection between items
    Local override; error
    @(82.5400 mm, 90.8400 mm): PTH pad 4 [GND] of J41
    @(82.5400 mm, 88.3000 mm): PTH pad 2 [GND] of J41
[unconnected_items]: Missing connection between items
    Local override; error
    @(82.5400 mm, 90.8400 mm): PTH pad 4 [GND] of J41
    @(80.0000 mm, 101.0000 mm): PTH pad 11 [GND] of J41
[unconnected_items]: Missing connection between items
    Local override; error
    @(98.5400 mm, 75.0000 mm): PTH pad 2 [GND] of U20
    @(82.5400 mm, 88.3000 mm): PTH pad 2 [GND] of J41
[unconnected_items]: Missing connection between items
    Local override; error
    @(100.0000 mm, 109.0000 mm): Pad 2 [GND] of C4 on B.Cu
    @(104.0000 mm, 108.1750 mm): Pad 2 [GND] of R23 on B.Cu
[unconnected_items]: Missing connection between items
    Local override; error
    @(100.1000 mm, 101.0000 mm): Pad 2 [GND] of C20 on B.Cu
    @(100.0000 mm, 109.0000 mm): Pad 2 [GND] of C4 on B.Cu
[unconnected_items]: Missing connection between items
    Local override; error
    @(104.5359 mm, 116.2150 mm): PTH pad 4 [GND] of U24
    @(104.0000 mm, 108.1750 mm): Pad 2 [GND] of R23 on B.Cu
[unconnected_items]: Missing connection between items
    Local override; error
    @(104.5359 mm, 116.2150 mm): PTH pad 4 [GND] of U24
    @(99.4600 mm, 125.0000 mm): PTH pad 2 [GND] of U22
[unconnected_items]: Missing connection between items
    Local override; error
    @(120.0000 mm, 104.5400 mm): PTH pad 7 [GND] of U21
    @(120.0000 mm, 91.8400 mm): PTH pad 2 [GND] of U21
[unconnected_items]: Missing connection between items
    Local override; error
    @(120.0000 mm, 104.5400 mm): PTH pad 7 [GND] of U21
    @(104.0000 mm, 108.1750 mm): Pad 2 [GND] of R23 on B.Cu
[unconnected_items]: Missing connection between items
    Local override; error
    @(103.6200 mm, 75.0000 mm): PTH pad 4 [SDA] of U20
    @(110.0000 mm, 97.0000 mm): Pad 1 [SDA] of R20 on B.Cu
[unconnected_items]: Missing connection between items
    Local override; error
    @(103.6200 mm, 75.0000 mm): PTH pad 4 [SDA] of U20
    @(80.0000 mm, 93.3800 mm): PTH pad 5 [SDA] of J41
[unconnected_items]: Missing connection between items
    Local override; error
    @(110.0000 mm, 97.0000 mm): Pad 1 [SDA] of R20 on B.Cu
    @(120.0000 mm, 96.9200 mm): PTH pad 4 [SDA] of U21
[unconnected_items]: Missing connection between items
    Local override; error
    @(101.0800 mm, 75.0000 mm): PTH pad 3 [SCL] of U20
    @(82.5400 mm, 93.3800 mm): PTH pad 6 [SCL] of J41
[unconnected_items]: Missing connection between items
    Local override; error
    @(110.0000 mm, 93.0000 mm): Pad 1 [SCL] of R21 on B.Cu
    @(101.0800 mm, 75.0000 mm): PTH pad 3 [SCL] of U20
[unconnected_items]: Missing connection between items
    Local override; error
    @(120.0000 mm, 94.3800 mm): PTH pad 3 [SCL] of U21
    @(110.0000 mm, 93.0000 mm): Pad 1 [SCL] of R21 on B.Cu
[unconnected_items]: Missing connection between items
    Local override; error
    @(80.0000 mm, 95.9200 mm): PTH pad 7 [MPU_INT] of J41
    @(120.0000 mm, 107.0800 mm): PTH pad 8 [MPU_INT] of U21
[unconnected_items]: Missing connection between items
    Local override; error
    @(82.5400 mm, 95.9200 mm): PTH pad 8 [GPS_TX] of J41
    @(101.9959 mm, 116.2150 mm): PTH pad 3 [GPS_TX] of U24
[unconnected_items]: Missing connection between items
    Local override; error
    @(80.0000 mm, 98.4600 mm): PTH pad 9 [GPS_RX] of J41
    @(99.4559 mm, 116.2150 mm): PTH pad 2 [GPS_RX] of U24
[unconnected_items]: Missing connection between items
    Local override; error
    @(102.0000 mm, 101.0000 mm): Pad 1 [MQ_AOUT] of C20 on B.Cu
    @(104.0000 mm, 110.0000 mm): Pad 1 [MQ_AOUT] of R23 on B.Cu
[unconnected_items]: Missing connection between items
    Local override; error
    @(102.0000 mm, 101.0000 mm): Pad 1 [MQ_AOUT] of C20 on B.Cu
    @(82.5400 mm, 98.4600 mm): PTH pad 10 [MQ_AOUT] of J41
[unconnected_items]: Missing connection between items
    Local override; error
    @(104.0000 mm, 110.0000 mm): Pad 1 [MQ_AOUT] of R23 on B.Cu
    @(108.0000 mm, 110.0000 mm): Pad 2 [MQ_AOUT] of R22 on B.Cu
[unconnected_items]: Missing connection between items
    Local override; error
    @(96.9159 mm, 116.2150 mm): PTH pad 1 [+5V] of U24
    @(97.0500 mm, 109.0000 mm): Pad 1 [+5V] of C4 on B.Cu
[unconnected_items]: Missing connection between items
    Local override; error
    @(96.9200 mm, 125.0000 mm): PTH pad 1 [+5V] of U22
    @(96.9159 mm, 116.2150 mm): PTH pad 1 [+5V] of U24
[unconnected_items]: Missing connection between items
    Local override; error
    @(97.0500 mm, 109.0000 mm): Pad 1 [+5V] of C4 on B.Cu
    @(74.0000 mm, 103.8100 mm): PTH pad 4 [+5V] of U3
[unconnected_items]: Missing connection between items
    Local override; error
    @(104.5400 mm, 125.0000 mm): PTH pad 4 [/MQ_A0_RAW] of U22
    @(108.0000 mm, 108.1750 mm): Pad 1 [/MQ_A0_RAW] of R22 on B.Cu

** Found 0 Footprint errors **

** Ignored checks **
    - Footprint has no courtyard defined
    - Track endpoint not centered on via
    - Tuning profile track geometries
    - Footprint doesn't match symbol's footprint filters
    - Footprint component type doesn't match footprint pads

** End of Report **
